Cocos2d: 
<dict>
	cocos2d.x.version: 2.2.1
	cocos2d.x.compiled_with_profiler: false
	cocos2d.x.compiled_with_gl_state_cache: true
	gl.vendor: Intel Inc.
	gl.renderer: Intel HD Graphics 4000 OpenGL Engine
	gl.version: 2.1 INTEL-8.10.44
	gl.max_texture_size: 16384
	gl.max_texture_units: 16
	gl.supports_PVRTC: false
	gl.supports_NPOT: true
	gl.supports_BGRA8888: false
	gl.supports_discard_framebuffer: false
	gl.supports_vertex_array_object: true
</dict>
Cocos2d: lua_loadChunksFromZIP() - load zip file: /Users/tlwk/Documents/Work/project/trunk/client_seiya/trunk/quick-cocos2d-x-2.2.1-rc/lib/framework_precompiled/framework_precompiled.zip
Cocos2d: lua_loadChunksFromZIP() - loaded chunks count: 54
Cocos2d: ------------------------------------------------
Cocos2d: LOAD LUA FILE: /Users/tlwk/Documents/Work/project/trunk/client_seiya/trunk/bone/fightdemo/scripts/main.lua
Cocos2d: ------------------------------------------------
Cocos2d: [0.0091] [INFO] 
Cocos2d: [0.0092] [INFO] # DEBUG                        = 2
Cocos2d: [0.0092] [INFO] #
Cocos2d: [0.0092] [INFO] # device.platform              = mac
Cocos2d: [0.0092] [INFO] # device.model                 = unknown
Cocos2d: [0.0092] [INFO] # device.language              = cn
Cocos2d: [0.0092] [INFO] # device.writablePath          = /Users/tlwk/Documents/Work/project/trunk/client_seiya/trunk/bone/fightdemo/
Cocos2d: [0.0092] [INFO] # device.cachePath             = /Users/tlwk/Documents/Work/project/trunk/client_seiya/trunk/bone/fightdemo/
Cocos2d: [0.0092] [INFO] # device.directorySeparator    = /
Cocos2d: [0.0092] [INFO] # device.pathSeparator         = :
Cocos2d: [0.0092] [INFO] #
Cocos2d: [0.0106] [INFO] # CONFIG_SCREEN_AUTOSCALE      = function: 0x11d2b500
Cocos2d: [0.0106] [INFO] # CONFIG_SCREEN_WIDTH          = 960.00
Cocos2d: [0.0106] [INFO] # CONFIG_SCREEN_HEIGHT         = 640.00
Cocos2d: [0.0106] [INFO] # display.widthInPixels        = 960.00
Cocos2d: [0.0106] [INFO] # display.heightInPixels       = 640.00
Cocos2d: [0.0106] [INFO] # display.contentScaleFactor   = 1.00
Cocos2d: [0.0106] [INFO] # display.width                = 960.00
Cocos2d: [0.0106] [INFO] # display.height               = 640.00
Cocos2d: [0.0106] [INFO] # display.cx                   = 480.00
Cocos2d: [0.0107] [INFO] # display.cy                   = 320.00
Cocos2d: [0.0107] [INFO] # display.left                 = 0.00
Cocos2d: [0.0107] [INFO] # display.right                = 960.00
Cocos2d: [0.0107] [INFO] # display.top                  = 640.00
Cocos2d: [0.0107] [INFO] # display.bottom               = 0.00
Cocos2d: [0.0107] [INFO] # display.c_left               = -480.00
Cocos2d: [0.0107] [INFO] # display.c_right              = 480.00
Cocos2d: [0.0107] [INFO] # display.c_top                = 320.00
Cocos2d: [0.0107] [INFO] # display.c_bottom             = -320.00
Cocos2d: [0.0107] [INFO] #
Cocos2d: [0.0530] [INFO] Scene "MainScene:onEnter()"
Cocos2d: [0.7388] [INFO] Scene "MainScene:onEnter()"
Cocos2d: [1.3748] [INFO] Scene "MainScene:onExit()"
